
Starting UWSim...
Loading SimulatedDevices plugin: 'DredgeTool_Factory'
Loading SimulatedDevices plugin: 'ForceSensor_Factory'
Loading SimulatedDevices plugin: 'SimDev_Echo_Factory'
  . Setting localized world: 3.3e-05s
Loading URDF robot... 
  · robot/GIRONA500/g500_March11.osg: 1.35423s
  · Linking links...Robot successfully loaded. Total time: 0.001657s
1.35596s
Loading URDF robot... 
  · objects/dot.3ds: 0.004752s
  · Linking links...Robot successfully loaded. Total time: 0.00065s
0.005431s
No protocol specified
No protocol specified
2019-01-21 12:45:23.819875: I tensorflow/core/platform/cpu_feature_guard.cc:141] Your CPU supports instructions that this TensorFlow binary was not compiled to use: AVX2 FMA
... logging to /home/uwsim/.ros/log/4704f8a6-1d35-11e9-81d3-40167e6499a8/roslaunch-wuhui-lab-10739.log
[1mstarted roslaunch server http://wuhui-lab:37647/[0m

SUMMARY
========

PARAMETERS
 * /dynamics/current_max: [0.0, 0.0, 0.0]
 * /dynamics/current_mean: [0.05, 0, 0]
 * /dynamics/current_min: [0.0, 0.0, 0.0]
 * /dynamics/current_sigma: [0.002, 0.001, 0....
 * /rosdistro: kinetic
 * /rosversion: 1.12.14
 * /vehicle/dynamics/Ma: [49.0, 0.0, 0.0, ...
 * /vehicle/dynamics/Mrb: [98.0, 0.0, 0.0, ...
 * /vehicle/dynamics/actuators_gain: [1500, 1500, 1500...
 * /vehicle/dynamics/actuators_maxsat: [1, 1, 1, 1, 1]
 * /vehicle/dynamics/actuators_minsat: [-1, -1, -1, -1, -1]
 * /vehicle/dynamics/actuators_tau: [0.2, 0.2, 0.2, 0...
 * /vehicle/dynamics/allocation_matrix:  [-ct[0]*abs(du[0...
 * /vehicle/dynamics/ctb: 6.835e-05
 * /vehicle/dynamics/ctf: 6.835e-05
 * /vehicle/dynamics/damping: [0.0, 0.0, 0.0, -...
 * /vehicle/dynamics/density: 1000.0
 * /vehicle/dynamics/dh: 0.4
 * /vehicle/dynamics/dv: 0.35
 * /vehicle/dynamics/dzv: 0.05
 * /vehicle/dynamics/external_force_topic: /vehicle/external...
 * /vehicle/dynamics/frame_id: vehicle_base_link
 * /vehicle/dynamics/g: 9.81
 * /vehicle/dynamics/gravity_center: [0.0, 0.0, 0.05]
 * /vehicle/dynamics/initial_pose: [0.0, 0.0, 0.0, 0...
 * /vehicle/dynamics/initial_velocity: [0, 0, 0, 0, 0, 0]
 * /vehicle/dynamics/mass: 98.0
 * /vehicle/dynamics/period: 0.001
 * /vehicle/dynamics/quadratic_damping: [-148.0, -148.0, ...
 * /vehicle/dynamics/radius: 0.286
 * /vehicle/dynamics/tensor: [8.0, 0.0, 0.0, 0...
 * /vehicle/dynamics/topic_name: /dataNavigator
 * /vehicle/dynamics/uwsim_period: 0.001
 * /vehicle/num_actuators: 5
 * /vehicle1/dynamics/external_force_topic: vehicle1/ForceSensor

NODES
  /
    dynamics_vehicle1 (underwater_vehicle_dynamics/dynamics.py)
    uwsim1 (uwsim/uwsim)

[1mROS_MASTER_URI=http://localhost:11311[0m
[1mprocess[dynamics_vehicle1-1]: started with pid [10779][0m
[1mprocess[uwsim1-2]: started with pid [10780][0m
[INFO] [1548045913.219832]: auv started!

[33mWARN: gym.spaces.Box autodetected dtype as <type 'numpy.float32'>. Please provide explicit dtype.[0m
********** Iteration 0 ************
Optimizing...
     pol_surr |    pol_entpen |       vf_loss |            kl |           ent
     -0.00036 |      -0.02836 |       1.27570 |      8.18e-05 |       2.83596
     -0.00948 |      -0.02812 |       1.11197 |       0.00125 |       2.81167
     -0.02238 |      -0.02772 |       1.05240 |       0.00707 |       2.77176
     -0.02608 |      -0.02735 |       0.98145 |       0.01946 |       2.73527
Evaluating losses...
     -0.02980 |      -0.02747 |       0.93700 |       0.01742 |       2.74689
----------------------------------
| EpisodesSoFar   | 4            |
| EpLenMean       | 58           |
| EpRewMean       | -0.304       |
| EpThisIter      | 4            |
| ev_tdlam_before | 0.00206      |
| loss_ent        | 2.746887     |
| loss_kl         | 0.017417487  |
| loss_pol_entpen | -0.02746887  |
| loss_pol_surr   | -0.029795505 |
| loss_vf_loss    | 0.93700397   |
| TimeElapsed     | 34.3         |
| TimestepsSoFar  | 232          |
----------------------------------
********** Iteration 1 ************
Optimizing...
     pol_surr |    pol_entpen |       vf_loss |            kl |           ent
     -0.00517 |      -0.02721 |       3.08955 |       0.00197 |       2.72139
    -3.23e-05 |      -0.02674 |       1.83072 |       0.01935 |       2.67411
     -0.00815 |      -0.02740 |       1.63153 |       0.00213 |       2.74032
     -0.01160 |      -0.02695 |       1.45271 |       0.01126 |       2.69507
Evaluating losses...
     -0.01549 |      -0.02698 |       1.35684 |       0.00779 |       2.69756
----------------------------------
| EpisodesSoFar   | 5            |
| EpLenMean       | 53           |
| EpRewMean       | -0.0656      |
| EpThisIter      | 1            |
| ev_tdlam_before | 0.0534       |
| loss_ent        | 2.6975608    |
| loss_kl         | 0.00778748   |
| loss_pol_entpen | -0.026975606 |
| loss_pol_surr   | -0.015492689 |
| loss_vf_loss    | 1.3568411    |
| TimeElapsed     | 65.4         |
| TimestepsSoFar  | 265          |
----------------------------------
********** Iteration 2 ************
Optimizing...
     pol_surr |    pol_entpen |       vf_loss |            kl |           ent
     -0.00851 |      -0.02687 |       3.82401 |       0.00351 |       2.68699
     -0.01700 |      -0.02732 |       3.76315 |       0.01376 |       2.73215
     -0.01417 |      -0.02756 |       3.35232 |       0.01913 |       2.75569
     -0.01620 |      -0.02719 |       3.30620 |       0.02660 |       2.71924
Evaluating losses...
     -0.01886 |      -0.02704 |       3.29980 |       0.00544 |       2.70391
----------------------------------
| EpisodesSoFar   | 8            |
| EpLenMean       | 89.6         |
| EpRewMean       | 6.47         |
| EpThisIter      | 3            |
| ev_tdlam_before | 0.0557       |
| loss_ent        | 2.7039135    |
| loss_kl         | 0.005437306  |
| loss_pol_entpen | -0.027039133 |
| loss_pol_surr   | -0.018860646 |
| loss_vf_loss    | 3.299803     |
| TimeElapsed     | 98.3         |
| TimestepsSoFar  | 717          |
----------------------------------
********** Iteration 3 ************
Optimizing...
     pol_surr |    pol_entpen |       vf_loss |            kl |           ent
     -0.00359 |      -0.02716 |       2.51542 |       0.00063 |       2.71572
     -0.02244 |      -0.02694 |       2.22558 |       0.01327 |       2.69394
     -0.02387 |      -0.02713 |       2.22549 |       0.01203 |       2.71312
     -0.02134 |      -0.02748 |       2.02868 |       0.02572 |       2.74805
Evaluating losses...
     -0.02666 |      -0.02769 |       1.94692 |       0.02076 |       2.76881
----------------------------------
| EpisodesSoFar   | 10           |
| EpLenMean       | 89.2         |
| EpRewMean       | 6.14         |
| EpThisIter      | 2            |
| ev_tdlam_before | 0.164        |
| loss_ent        | 2.7688098    |
| loss_kl         | 0.020758688  |
| loss_pol_entpen | -0.027688097 |
| loss_pol_surr   | -0.02665516  |
| loss_vf_loss    | 1.9469173    |
| TimeElapsed     | 131          |
| TimestepsSoFar  | 892          |
----------------------------------
********** Iteration 4 ************
Optimizing...
     pol_surr |    pol_entpen |       vf_loss |            kl |           ent
     -0.00021 |      -0.02657 |       4.98647 |       0.00110 |       2.65676
      0.00061 |      -0.02744 |       4.34444 |       0.00599 |       2.74432
     -0.00540 |      -0.02811 |       3.74144 |       0.02367 |       2.81095
     -0.00701 |      -0.02748 |       3.53116 |       0.02621 |       2.74821
Evaluating losses...
     -0.01312 |      -0.02775 |       3.60013 |       0.02290 |       2.77454
----------------------------------
| EpisodesSoFar   | 14           |
| EpLenMean       | 90           |
| EpRewMean       | 8.5          |
| EpThisIter      | 4            |
| ev_tdlam_before | -0.0639      |
| loss_ent        | 2.7745442    |
| loss_kl         | 0.022903288  |
| loss_pol_entpen | -0.027745442 |
| loss_pol_surr   | -0.013120277 |
| loss_vf_loss    | 3.6001267    |
| TimeElapsed     | 163          |
| TimestepsSoFar  | 1260         |
----------------------------------
********** Iteration 5 ************
Optimizing...
     pol_surr |    pol_entpen |       vf_loss |            kl |           ent
     -0.00058 |      -0.02855 |       4.12488 |       0.00073 |       2.85467
     -0.00255 |      -0.02796 |       4.24421 |       0.00467 |       2.79624
     -0.01062 |      -0.02669 |       4.12319 |       0.02627 |       2.66924
     -0.00890 |      -0.02763 |       4.20606 |       0.01632 |       2.76311
Evaluating losses...
     -0.01194 |      -0.02824 |       3.70549 |       0.01452 |       2.82386
----------------------------------
| EpisodesSoFar   | 17           |
| EpLenMean       | 88.7         |
| EpRewMean       | 8.97         |
| EpThisIter      | 3            |
| ev_tdlam_before | 0.136        |
| loss_ent        | 2.8238573    |
| loss_kl         | 0.014518784  |
| loss_pol_entpen | -0.028238572 |
| loss_pol_surr   | -0.01193608  |
| loss_vf_loss    | 3.7054944    |
| TimeElapsed     | 194          |
| TimestepsSoFar  | 1508         |
----------------------------------
********** Iteration 6 ************
Optimizing...
     pol_surr |    pol_entpen |       vf_loss |            kl |           ent
      0.00128 |      -0.02863 |       6.69232 |       0.00150 |       2.86334
     -0.00692 |      -0.02870 |       6.76707 |       0.00705 |       2.86985
     -0.00619 |      -0.02951 |       5.91639 |       0.02091 |       2.95098
     -0.01295 |      -0.02945 |       5.68931 |       0.01772 |       2.94529
Evaluating losses...
     -0.01529 |      -0.02902 |       5.89777 |       0.01361 |       2.90247
----------------------------------
| EpisodesSoFar   | 20           |
| EpLenMean       | 87.4         |
| EpRewMean       | 9            |
| EpThisIter      | 3            |
| ev_tdlam_before | 0.111        |
| loss_ent        | 2.9024734    |
| loss_kl         | 0.013609098  |
| loss_pol_entpen | -0.029024735 |
| loss_pol_surr   | -0.015293666 |
| loss_vf_loss    | 5.89777      |
| TimeElapsed     | 227          |
| TimestepsSoFar  | 1748         |
----------------------------------
********** Iteration 7 ************
Optimizing...
     pol_surr |    pol_entpen |       vf_loss |            kl |           ent
      0.00411 |      -0.02891 |       5.05733 |       0.00299 |       2.89091
      0.00275 |      -0.02907 |       5.34265 |       0.00726 |       2.90674
     -0.00326 |      -0.02907 |       5.15056 |       0.00793 |       2.90657
     -0.00360 |      -0.02903 |       4.67684 |       0.01578 |       2.90290
Evaluating losses...
     -0.00796 |      -0.02834 |       4.34002 |       0.00950 |       2.83449
-----------------------------------
| EpisodesSoFar   | 23            |
| EpLenMean       | 88.3          |
| EpRewMean       | 10.1          |
| EpThisIter      | 3             |
| ev_tdlam_before | -0.146        |
| loss_ent        | 2.8344936     |
| loss_kl         | 0.009499056   |
| loss_pol_entpen | -0.028344935  |
| loss_pol_surr   | -0.0079622585 |
| loss_vf_loss    | 4.3400183     |
| TimeElapsed     | 260           |
| TimestepsSoFar  | 2032          |
-----------------------------------
********** Iteration 8 ************
Optimizing...
     pol_surr |    pol_entpen |       vf_loss |            kl |           ent
     -0.00201 |      -0.02856 |       8.70303 |       0.00105 |       2.85558
     -0.01007 |      -0.02970 |       8.23300 |       0.01794 |       2.96978
     -0.01495 |      -0.02900 |       7.75377 |       0.01921 |       2.89980
     -0.00941 |      -0.02938 |       7.73726 |       0.02309 |       2.93795
Evaluating losses...
     -0.01804 |      -0.02895 |       7.40932 |       0.01191 |       2.89491
----------------------------------
| EpisodesSoFar   | 26           |
| EpLenMean       | 86           |
| EpRewMean       | 10.5         |
| EpThisIter      | 3            |
| ev_tdlam_before | 0.0208       |
| loss_ent        | 2.8949146    |
| loss_kl         | 0.011905129  |
| loss_pol_entpen | -0.028949145 |
| loss_pol_surr   | -0.018044427 |
| loss_vf_loss    | 7.4093237    |
| TimeElapsed     | 292          |
| TimestepsSoFar  | 2236         |
----------------------------------
********** Iteration 9 ************
Optimizing...
     pol_surr |    pol_entpen |       vf_loss |            kl |           ent
     -0.00309 |      -0.02967 |       7.33867 |       0.00452 |       2.96656
     -0.00521 |      -0.03019 |       7.17780 |       0.02096 |       3.01883
     -0.01014 |      -0.03071 |       6.85409 |       0.02157 |       3.07073
     -0.01653 |      -0.03018 |       6.76630 |       0.00694 |       3.01803
Evaluating losses...
     -0.01756 |      -0.02965 |       6.55743 |       0.00407 |       2.96506
----------------------------------
| EpisodesSoFar   | 31           |
| EpLenMean       | 81.7         |
| EpRewMean       | 10.4         |
| EpThisIter      | 5            |
| ev_tdlam_before | -0.0679      |
| loss_ent        | 2.965064     |
| loss_kl         | 0.0040661525 |
| loss_pol_entpen | -0.02965064  |
| loss_pol_surr   | -0.017563859 |
| loss_vf_loss    | 6.5574284    |
| TimeElapsed     | 326          |
| TimestepsSoFar  | 2533         |
----------------------------------
********** Iteration 10 ************
Optimizing...
     pol_surr |    pol_entpen |       vf_loss |            kl |           ent
     -0.00623 |      -0.02866 |       5.87220 |       0.00538 |       2.86649
     -0.00860 |      -0.02800 |       5.69649 |       0.01741 |       2.80042
     -0.01215 |      -0.02885 |       5.59951 |       0.00633 |       2.88483
     -0.00899 |      -0.02917 |       5.52154 |       0.00888 |       2.91658
Evaluating losses...
     -0.01220 |      -0.02887 |       5.36382 |       0.01432 |       2.88662
----------------------------------
| EpisodesSoFar   | 35           |
| EpLenMean       | 80.2         |
| EpRewMean       | 10.5         |
| EpThisIter      | 4            |
| ev_tdlam_before | -0.0558      |
| loss_ent        | 2.8866212    |
| loss_kl         | 0.014322506  |
| loss_pol_entpen | -0.028866211 |
| loss_pol_surr   | -0.01219748  |
| loss_vf_loss    | 5.363822     |
| TimeElapsed     | 359          |
| TimestepsSoFar  | 2806         |
----------------------------------
********** Iteration 11 ************
Optimizing...
     pol_surr |    pol_entpen |       vf_loss |            kl |           ent
      0.00035 |      -0.02848 |       4.38526 |       0.00027 |       2.84765
     -0.01090 |      -0.02829 |       4.36480 |       0.01336 |       2.82911
     -0.00535 |      -0.02874 |       4.38717 |       0.03259 |       2.87409
     -0.00943 |      -0.02921 |       4.33967 |       0.03070 |       2.92074
Evaluating losses...
     -0.01162 |      -0.02940 |       4.23766 |       0.02229 |       2.93986
----------------------------------
| EpisodesSoFar   | 40           |
| EpLenMean       | 76.6         |
| EpRewMean       | 10.1         |
| EpThisIter      | 5            |
| ev_tdlam_before | 0.0303       |
| loss_ent        | 2.9398599    |
| loss_kl         | 0.022291664  |
| loss_pol_entpen | -0.029398598 |
| loss_pol_surr   | -0.011620987 |
| loss_vf_loss    | 4.2376575    |
| TimeElapsed     | 393          |
| TimestepsSoFar  | 3064         |
----------------------------------
********** Iteration 12 ************
Optimizing...
     pol_surr |    pol_entpen |       vf_loss |            kl |           ent
      0.00090 |      -0.03031 |       5.14641 |       0.00107 |       3.03099
     3.62e-05 |      -0.03035 |       4.88163 |       0.00382 |       3.03528
     -0.00349 |      -0.02989 |       4.75642 |       0.00421 |       2.98879
      0.00138 |      -0.03051 |       4.51746 |       0.00800 |       3.05140
Evaluating losses...
     -0.00917 |      -0.03068 |       4.58898 |       0.00761 |       3.06782
----------------------------------
| EpisodesSoFar   | 42           |
| EpLenMean       | 77           |
| EpRewMean       | 10.3         |
| EpThisIter      | 2            |
| ev_tdlam_before | 0.141        |
| loss_ent        | 3.067823     |
| loss_kl         | 0.0076056947 |
| loss_pol_entpen | -0.030678228 |
| loss_pol_surr   | -0.009168457 |
| loss_vf_loss    | 4.5889826    |
| TimeElapsed     | 424          |
| TimestepsSoFar  | 3232         |
----------------------------------
********** Iteration 13 ************
Optimizing...
     pol_surr |    pol_entpen |       vf_loss |            kl |           ent
      0.00634 |      -0.02898 |       6.44000 |       0.00390 |       2.89783
     -0.00689 |      -0.02925 |       6.44320 |       0.00689 |       2.92512
     -0.00437 |      -0.02983 |       6.35201 |       0.00809 |       2.98346
     -0.00643 |      -0.02915 |       6.28645 |       0.00626 |       2.91455
Evaluating losses...
     -0.00826 |      -0.02917 |       6.20926 |       0.00531 |       2.91701
----------------------------------
| EpisodesSoFar   | 46           |
| EpLenMean       | 76.9         |
| EpRewMean       | 10.4         |
| EpThisIter      | 4            |
| ev_tdlam_before | 0.153        |
| loss_ent        | 2.9170089    |
| loss_kl         | 0.005309274  |
| loss_pol_entpen | -0.029170087 |
| loss_pol_surr   | -0.008256573 |
| loss_vf_loss    | 6.2092605    |
| TimeElapsed     | 457          |
| TimestepsSoFar  | 3536         |
----------------------------------
********** Iteration 14 ************
Optimizing...
     pol_surr |    pol_entpen |       vf_loss |            kl |           ent
     -0.00538 |      -0.03086 |       5.68752 |       0.00170 |       3.08627
     -0.00608 |      -0.03107 |       5.63472 |       0.00972 |       3.10730
     -0.00803 |      -0.03074 |       5.76057 |       0.01066 |       3.07372
     -0.00616 |      -0.03108 |       5.75387 |       0.00957 |       3.10830
Evaluating losses...
     -0.01154 |      -0.03147 |       5.47998 |       0.00797 |       3.14722
----------------------------------
| EpisodesSoFar   | 49           |
| EpLenMean       | 78.3         |
| EpRewMean       | 10.9         |
| EpThisIter      | 3            |
| ev_tdlam_before | 0.136        |
| loss_ent        | 3.1472225    |
| loss_kl         | 0.007967419  |
| loss_pol_entpen | -0.031472225 |
| loss_pol_surr   | -0.011539175 |
| loss_vf_loss    | 5.4799776    |
| TimeElapsed     | 489          |
| TimestepsSoFar  | 3839         |
----------------------------------
********** Iteration 15 ************
Optimizing...
     pol_surr |    pol_entpen |       vf_loss |            kl |           ent
     -0.00164 |      -0.03035 |       5.20565 |       0.00148 |       3.03525
     -0.00678 |      -0.03213 |       5.05883 |       0.02390 |       3.21262
     -0.01608 |      -0.03160 |       5.08356 |       0.01590 |       3.15998
     -0.01792 |      -0.03049 |       4.76511 |       0.00566 |       3.04877
Evaluating losses...
     -0.02598 |      -0.03100 |       4.88148 |       0.01244 |       3.10050
----------------------------------
| EpisodesSoFar   | 52           |
| EpLenMean       | 77.9         |
| EpRewMean       | 11.1         |
| EpThisIter      | 3            |
| ev_tdlam_before | 0.203        |
| loss_ent        | 3.1004963    |
| loss_kl         | 0.012443199  |
| loss_pol_entpen | -0.031004962 |
| loss_pol_surr   | -0.025981635 |
| loss_vf_loss    | 4.88148      |
| TimeElapsed     | 521          |
| TimestepsSoFar  | 4051         |
----------------------------------
********** Iteration 16 ************
Optimizing...
     pol_surr |    pol_entpen |       vf_loss |            kl |           ent
     -0.00273 |      -0.03272 |       5.35995 |       0.00527 |       3.27182
      0.00587 |      -0.03386 |       5.07762 |       0.01986 |       3.38621
     -0.00555 |      -0.03266 |       4.62143 |       0.00777 |       3.26606
     -0.00447 |      -0.03239 |       4.65477 |       0.00476 |       3.23915
Evaluating losses...
     -0.00682 |      -0.03323 |       4.77227 |       0.00791 |       3.32291
----------------------------------
| EpisodesSoFar   | 55           |
| EpLenMean       | 77.4         |
| EpRewMean       | 11.1         |
| EpThisIter      | 3            |
| ev_tdlam_before | 0.307        |
| loss_ent        | 3.3229136    |
| loss_kl         | 0.007912694  |
| loss_pol_entpen | -0.033229135 |
| loss_pol_surr   | -0.006817274 |
| loss_vf_loss    | 4.7722707    |
| TimeElapsed     | 554          |
| TimestepsSoFar  | 4255         |
----------------------------------
********** Iteration 17 ************
Optimizing...
     pol_surr |    pol_entpen |       vf_loss |            kl |           ent
      0.00141 |      -0.03351 |       8.09359 |       0.00096 |       3.35061
     -0.00555 |      -0.03308 |       7.29568 |       0.00254 |       3.30818
     -0.00414 |      -0.03317 |       7.09935 |       0.00559 |       3.31699
     -0.00555 |      -0.03342 |       7.07166 |       0.00466 |       3.34170
Evaluating losses...
     -0.00566 |      -0.03395 |       6.83052 |       0.00463 |       3.39513
----------------------------------
| EpisodesSoFar   | 60           |
| EpLenMean       | 75.5         |
| EpRewMean       | 10.8         |
| EpThisIter      | 5            |
| ev_tdlam_before | 0.101        |
| loss_ent        | 3.3951285    |
| loss_kl         | 0.0046261093 |
| loss_pol_entpen | -0.033951283 |
| loss_pol_surr   | -0.005657577 |
| loss_vf_loss    | 6.8305173    |
| TimeElapsed     | 588          |
| TimestepsSoFar  | 4533         |
----------------------------------
********** Iteration 18 ************
Optimizing...
     pol_surr |    pol_entpen |       vf_loss |            kl |           ent
      0.00172 |      -0.03359 |       3.57628 |       0.00037 |       3.35865
      0.00178 |      -0.03289 |       3.38533 |       0.00485 |       3.28901
     -0.00273 |      -0.03328 |       3.30861 |       0.00268 |       3.32770
     -0.00532 |      -0.03319 |       3.32435 |       0.00441 |       3.31907
Evaluating losses...
     -0.00484 |      -0.03276 |       3.24646 |       0.00661 |       3.27566
----------------------------------
| EpisodesSoFar   | 64           |
| EpLenMean       | 75.2         |
| EpRewMean       | 10.6         |
| EpThisIter      | 4            |
| ev_tdlam_before | 0.251        |
| loss_ent        | 3.2756596    |
| loss_kl         | 0.006610793  |
| loss_pol_entpen | -0.032756597 |
| loss_pol_surr   | -0.004837103 |
| loss_vf_loss    | 3.2464626    |
| TimeElapsed     | 622          |
| TimestepsSoFar  | 4813         |
----------------------------------
********** Iteration 19 ************
Optimizing...
     pol_surr |    pol_entpen |       vf_loss |            kl |           ent
      0.00119 |      -0.03303 |       3.11246 |       0.00158 |       3.30341
     -0.00174 |      -0.03303 |       3.00588 |       0.00454 |       3.30346
      0.00897 |      -0.03393 |       2.90039 |       0.00829 |       3.39348
     -0.00112 |      -0.03262 |       2.79571 |       0.00870 |       3.26184
Evaluating losses...
      0.00195 |      -0.03182 |       2.72694 |       0.01426 |       3.18184
----------------------------------
| EpisodesSoFar   | 69           |
| EpLenMean       | 73.5         |
| EpRewMean       | 10.3         |
| EpThisIter      | 5            |
| ev_tdlam_before | 0.435        |
| loss_ent        | 3.181836     |
| loss_kl         | 0.014264988  |
| loss_pol_entpen | -0.03181836  |
| loss_pol_surr   | 0.0019534323 |
| loss_vf_loss    | 2.7269397    |
| TimeElapsed     | 656          |
| TimestepsSoFar  | 5072         |
----------------------------------
********** Iteration 20 ************
Optimizing...
     pol_surr |    pol_entpen |       vf_loss |            kl |           ent
     -0.00094 |      -0.03010 |       3.26344 |       0.00063 |       3.01035
     -0.00442 |      -0.02889 |       3.04028 |       0.01133 |       2.88896
     -0.00881 |      -0.02939 |       2.83300 |       0.00601 |       2.93903
     -0.01001 |      -0.02972 |       2.78939 |       0.00409 |       2.97223
Evaluating losses...
     -0.01333 |      -0.02970 |       2.62322 |       0.00440 |       2.97049
----------------------------------
| EpisodesSoFar   | 74           |
| EpLenMean       | 72.4         |
| EpRewMean       | 10.4         |
| EpThisIter      | 5            |
| ev_tdlam_before | 0.478        |
| loss_ent        | 2.9704876    |
| loss_kl         | 0.0044027795 |
| loss_pol_entpen | -0.029704876 |
| loss_pol_surr   | -0.013333568 |
| loss_vf_loss    | 2.6232207    |
| TimeElapsed     | 692          |
| TimestepsSoFar  | 5355         |
----------------------------------
********** Iteration 21 ************
Optimizing...
     pol_surr |    pol_entpen |       vf_loss |            kl |           ent
      0.00010 |      -0.02923 |       7.96381 |       0.00067 |       2.92347
     -0.00550 |      -0.03038 |       7.84057 |       0.01340 |       3.03768
     -0.00320 |      -0.03018 |       7.74179 |       0.02045 |       3.01790
     -0.00892 |      -0.02987 |       7.54344 |       0.01715 |       2.98655
Evaluating losses...
     -0.01182 |      -0.02987 |       7.36932 |       0.01279 |       2.98739
-----------------------------------
| EpisodesSoFar   | 80            |
| EpLenMean       | 70.4          |
| EpRewMean       | 10.3          |
| EpThisIter      | 6             |
| ev_tdlam_before | 0.145         |
| loss_ent        | 2.9873915     |
| loss_kl         | 0.012790069   |
| loss_pol_entpen | -0.029873915  |
| loss_pol_surr   | -0.0118239205 |
| loss_vf_loss    | 7.3693213     |
| TimeElapsed     | 726           |
| TimestepsSoFar  | 5632          |
-----------------------------------
********** Iteration 22 ************
Optimizing...
     pol_surr |    pol_entpen |       vf_loss |            kl |           ent
      0.00091 |      -0.03150 |       2.73260 |       0.00190 |       3.15036
      0.00037 |      -0.03184 |       2.68839 |       0.00706 |       3.18375
     -0.00463 |      -0.03189 |       2.58769 |       0.00474 |       3.18927
     -0.00156 |      -0.03195 |       2.56833 |       0.00322 |       3.19495
Evaluating losses...
     -0.00242 |      -0.03174 |       2.46150 |       0.00245 |       3.17426
-----------------------------------
| EpisodesSoFar   | 83            |
| EpLenMean       | 70            |
| EpRewMean       | 10.3          |
| EpThisIter      | 3             |
| ev_tdlam_before | 0.549         |
| loss_ent        | 3.1742625     |
| loss_kl         | 0.002449158   |
| loss_pol_entpen | -0.03174262   |
| loss_pol_surr   | -0.0024151672 |
| loss_vf_loss    | 2.4614992     |
| TimeElapsed     | 759           |
| TimestepsSoFar  | 5806          |
-----------------------------------
********** Iteration 23 ************
Optimizing...
     pol_surr |    pol_entpen |       vf_loss |            kl |           ent
      0.00445 |      -0.03180 |       2.52293 |       0.00111 |       3.18043
      0.00036 |      -0.03211 |       2.40279 |       0.00105 |       3.21113
     -0.00260 |      -0.03267 |       2.32883 |       0.00271 |       3.26726
     -0.00382 |      -0.03246 |       2.24052 |       0.00238 |       3.24557
Evaluating losses...
     -0.00499 |      -0.03243 |       2.19406 |       0.00211 |       3.24275
----------------------------------
| EpisodesSoFar   | 87           |
| EpLenMean       | 70.1         |
| EpRewMean       | 10.4         |
| EpThisIter      | 4            |
| ev_tdlam_before | 0.647        |
| loss_ent        | 3.2427466    |
| loss_kl         | 0.0021110035 |
| loss_pol_entpen | -0.032427467 |
| loss_pol_surr   | -0.004991738 |
| loss_vf_loss    | 2.1940591    |
| TimeElapsed     | 792          |
| TimestepsSoFar  | 6101         |
----------------------------------
********** Iteration 24 ************
Optimizing...
     pol_surr |    pol_entpen |       vf_loss |            kl |           ent
     -0.00228 |      -0.03210 |       2.40957 |       0.00048 |       3.21046
     -0.00685 |      -0.03147 |       2.25361 |       0.00486 |       3.14709
     -0.00785 |      -0.03185 |       2.16111 |       0.00281 |       3.18474
     -0.01119 |      -0.03168 |       2.02586 |       0.00520 |       3.16823
Evaluating losses...
     -0.01120 |      -0.03141 |       1.90827 |       0.00871 |       3.14053
----------------------------------
| EpisodesSoFar   | 92           |
| EpLenMean       | 69.4         |
| EpRewMean       | 10.4         |
| EpThisIter      | 5            |
| ev_tdlam_before | 0.726        |
| loss_ent        | 3.140533     |
| loss_kl         | 0.008708615  |
| loss_pol_entpen | -0.03140533  |
| loss_pol_surr   | -0.011196118 |
| loss_vf_loss    | 1.9082716    |
| TimeElapsed     | 826          |
| TimestepsSoFar  | 6385         |
----------------------------------
********** Iteration 25 ************
Optimizing...
     pol_surr |    pol_entpen |       vf_loss |            kl |           ent
      0.00102 |      -0.02941 |       5.89429 |       0.00414 |       2.94139
      0.00258 |      -0.02922 |       4.76854 |       0.00643 |       2.92206
     -0.00369 |      -0.02978 |       4.78776 |       0.00237 |       2.97843
     -0.00705 |      -0.02948 |       4.11189 |       0.00250 |       2.94813
Evaluating losses...
     -0.00805 |      -0.02970 |       4.16533 |       0.00209 |       2.96977
----------------------------------
| EpisodesSoFar   | 95           |
| EpLenMean       | 69.7         |
| EpRewMean       | 10.8         |
| EpThisIter      | 3            |
| ev_tdlam_before | 0.628        |
| loss_ent        | 2.969766     |
| loss_kl         | 0.002089555  |
| loss_pol_entpen | -0.02969766  |
| loss_pol_surr   | -0.008051354 |
| loss_vf_loss    | 4.165329     |
| TimeElapsed     | 858          |
| TimestepsSoFar  | 6624         |
----------------------------------
********** Iteration 26 ************
Optimizing...
     pol_surr |    pol_entpen |       vf_loss |            kl |           ent
      0.00273 |      -0.03108 |       4.07286 |       0.00102 |       3.10838
     -0.00052 |      -0.03133 |       3.84171 |       0.00173 |       3.13326
      0.00205 |      -0.03198 |       3.54654 |       0.00237 |       3.19844
     -0.00189 |      -0.03135 |       3.30079 |       0.00195 |       3.13547
Evaluating losses...
     -0.00315 |      -0.03122 |       3.07157 |       0.00161 |       3.12221
-----------------------------------
| EpisodesSoFar   | 98            |
| EpLenMean       | 69.9          |
| EpRewMean       | 11            |
| EpThisIter      | 3             |
| ev_tdlam_before | 0.753         |
| loss_ent        | 3.1222134     |
| loss_kl         | 0.0016059196  |
| loss_pol_entpen | -0.031222135  |
| loss_pol_surr   | -0.0031538978 |
| loss_vf_loss    | 3.0715718     |
| TimeElapsed     | 890           |
| TimestepsSoFar  | 6850          |
-----------------------------------
********** Iteration 27 ************
Optimizing...
     pol_surr |    pol_entpen |       vf_loss |            kl |           ent
     -0.00174 |      -0.02985 |       3.73371 |       0.00147 |       2.98464
     -0.00502 |      -0.02953 |       3.34265 |       0.00426 |       2.95313
     -0.00938 |      -0.02953 |       3.16345 |       0.00335 |       2.95342
     -0.00758 |      -0.03022 |       2.94747 |       0.00309 |       3.02162
Evaluating losses...
     -0.00969 |      -0.02998 |       2.76202 |       0.00134 |       2.99759
----------------------------------
| EpisodesSoFar   | 103          |
| EpLenMean       | 69.8         |
| EpRewMean       | 11.5         |
| EpThisIter      | 5            |
| ev_tdlam_before | 0.701        |
| loss_ent        | 2.9975927    |
| loss_kl         | 0.0013379441 |
| loss_pol_entpen | -0.029975928 |
| loss_pol_surr   | -0.00968712  |
| loss_vf_loss    | 2.762023     |
| TimeElapsed     | 925          |
| TimestepsSoFar  | 7151         |
----------------------------------
********** Iteration 28 ************
Optimizing...
     pol_surr |    pol_entpen |       vf_loss |            kl |           ent
      0.00410 |      -0.02973 |       2.92450 |       0.00035 |       2.97251
     -0.00248 |      -0.03050 |       2.70495 |       0.00324 |       3.04969
     -0.00510 |      -0.03033 |       2.45944 |       0.00417 |       3.03252
     -0.00922 |      -0.02974 |       2.51383 |       0.00357 |       2.97428
Evaluating losses...
     -0.01018 |      -0.03028 |       2.40982 |       0.00517 |       3.02815
----------------------------------
| EpisodesSoFar   | 106          |
| EpLenMean       | 68           |
| EpRewMean       | 11.6         |
| EpThisIter      | 3            |
| ev_tdlam_before | 0.754        |
| loss_ent        | 3.028154     |
| loss_kl         | 0.0051689027 |
| loss_pol_entpen | -0.030281536 |
| loss_pol_surr   | -0.010182543 |
| loss_vf_loss    | 2.4098172    |
| TimeElapsed     | 957          |
| TimestepsSoFar  | 7333         |
----------------------------------
********** Iteration 29 ************
Optimizing...
     pol_surr |    pol_entpen |       vf_loss |            kl |           ent
     -0.00038 |      -0.03335 |       9.36376 |       0.00049 |       3.33458
      0.00252 |      -0.03368 |       9.29003 |       0.00257 |       3.36841
     -0.00039 |      -0.03338 |       9.27273 |       0.00267 |       3.33767
      0.00017 |      -0.03294 |       8.88245 |       0.00139 |       3.29440
Evaluating losses...
     -0.00498 |      -0.03338 |       7.86512 |       0.00151 |       3.33809
-----------------------------------
| EpisodesSoFar   | 110           |
| EpLenMean       | 67.9          |
| EpRewMean       | 12.1          |
| EpThisIter      | 4             |
| ev_tdlam_before | 0.503         |
| loss_ent        | 3.3380928     |
| loss_kl         | 0.0015135733  |
| loss_pol_entpen | -0.033380926  |
| loss_pol_surr   | -0.0049835723 |
| loss_vf_loss    | 7.865121      |
| TimeElapsed     | 990           |
| TimestepsSoFar  | 7678          |
-----------------------------------
********** Iteration 30 ************
Optimizing...
     pol_surr |    pol_entpen |       vf_loss |            kl |           ent
     -0.00089 |      -0.02933 |       5.99704 |       0.00101 |       2.93330
      0.00016 |      -0.02976 |       5.82427 |       0.00375 |       2.97622
     -0.00193 |      -0.02942 |       5.33359 |       0.00219 |       2.94187
     -0.00284 |      -0.02928 |       5.21328 |       0.00130 |       2.92805
Evaluating losses...
     -0.00396 |      -0.02915 |       4.76874 |       0.00102 |       2.91517
----------------------------------
| EpisodesSoFar   | 114          |
| EpLenMean       | 66.2         |
| EpRewMean       | 12           |
| EpThisIter      | 4            |
| ev_tdlam_before | 0.628        |
| loss_ent        | 2.9151685    |
| loss_kl         | 0.0010154911 |
| loss_pol_entpen | -0.029151686 |
| loss_pol_surr   | -0.003959229 |
| loss_vf_loss    | 4.768742     |
| TimeElapsed     | 1.02e+03     |
| TimestepsSoFar  | 7882         |
----------------------------------
********** Iteration 31 ************
Optimizing...
     pol_surr |    pol_entpen |       vf_loss |            kl |           ent
     -0.00071 |      -0.02962 |       7.79579 |      9.55e-05 |       2.96245
      0.00060 |      -0.02915 |       7.36128 |       0.00344 |       2.91455
     -0.00029 |      -0.02930 |       7.19443 |       0.00589 |       2.93005
      0.00048 |      -0.03001 |       7.17025 |       0.00479 |       3.00097
Evaluating losses...
     -0.00328 |      -0.02982 |       7.00488 |       0.00288 |       2.98195
-----------------------------------
| EpisodesSoFar   | 119           |
| EpLenMean       | 65            |
| EpRewMean       | 12.1          |
| EpThisIter      | 5             |
| ev_tdlam_before | 0.496         |
| loss_ent        | 2.9819474     |
| loss_kl         | 0.002883532   |
| loss_pol_entpen | -0.029819474  |
| loss_pol_surr   | -0.0032846332 |
| loss_vf_loss    | 7.004879      |
| TimeElapsed     | 1.06e+03      |
| TimestepsSoFar  | 8160          |
-----------------------------------
********** Iteration 32 ************
Optimizing...
     pol_surr |    pol_entpen |       vf_loss |            kl |           ent
      0.00076 |      -0.03117 |       6.21811 |       0.00107 |       3.11684
      0.00173 |      -0.03104 |       6.42514 |       0.00245 |       3.10380
      0.01085 |      -0.03205 |       6.00330 |       0.00242 |       3.20508
      0.00651 |      -0.03070 |       5.63484 |       0.00457 |       3.06999
Evaluating losses...
      0.00539 |      -0.03061 |       5.40401 |       0.00450 |       3.06089
----------------------------------
| EpisodesSoFar   | 121          |
| EpLenMean       | 64.8         |
| EpRewMean       | 12.1         |
| EpThisIter      | 2            |
| ev_tdlam_before | 0.608        |
| loss_ent        | 3.0608933    |
| loss_kl         | 0.0044970447 |
| loss_pol_entpen | -0.030608932 |
| loss_pol_surr   | 0.005394781  |
| loss_vf_loss    | 5.4040065    |
| TimeElapsed     | 1.09e+03     |
| TimestepsSoFar  | 8388         |
----------------------------------
********** Iteration 33 ************
Optimizing...
     pol_surr |    pol_entpen |       vf_loss |            kl |           ent
      0.00520 |      -0.02865 |      12.75391 |       0.00081 |       2.86476
      0.00508 |      -0.02921 |      10.82293 |       0.00331 |       2.92134
      0.00572 |      -0.02871 |      10.39823 |       0.00146 |       2.87147
      0.00266 |      -0.02829 |       8.96380 |       0.00142 |       2.82880
Evaluating losses...
     -0.00372 |      -0.02902 |       9.51062 |       0.00144 |       2.90214
----------------------------------
| EpisodesSoFar   | 123          |
| EpLenMean       | 65.5         |
| EpRewMean       | 12.6         |
| EpThisIter      | 2            |
| ev_tdlam_before | 0.354        |
| loss_ent        | 2.9021409    |
| loss_kl         | 0.001443672  |
| loss_pol_entpen | -0.029021408 |
| loss_pol_surr   | -0.003717185 |
| loss_vf_loss    | 9.510622     |
| TimeElapsed     | 1.12e+03     |
| TimestepsSoFar  | 8582         |
----------------------------------
********** Iteration 34 ************
Optimizing...
     pol_surr |    pol_entpen |       vf_loss |            kl |           ent
      0.00201 |      -0.03059 |       9.80991 |       0.00039 |       3.05936
      0.00125 |      -0.03028 |      10.33284 |       0.00075 |       3.02762
      0.00208 |      -0.03058 |       9.29588 |       0.00077 |       3.05786
      0.00123 |      -0.03018 |       8.77255 |       0.00120 |       3.01808
Evaluating losses...
     -0.00031 |      -0.03015 |       8.29698 |       0.00123 |       3.01486
------------------------------------
| EpisodesSoFar   | 125            |
| EpLenMean       | 67             |
| EpRewMean       | 13.3           |
| EpThisIter      | 2              |
| ev_tdlam_before | 0.637          |
| loss_ent        | 3.014864       |
| loss_kl         | 0.0012318355   |
| loss_pol_entpen | -0.030148638   |
| loss_pol_surr   | -0.00030553713 |
| loss_vf_loss    | 8.296978       |
| TimeElapsed     | 1.15e+03       |
| TimestepsSoFar  | 8926           |
------------------------------------
********** Iteration 35 ************
Optimizing...
     pol_surr |    pol_entpen |       vf_loss |            kl |           ent
      0.00011 |      -0.02695 |      21.76924 |       0.00019 |       2.69517
     -0.00156 |      -0.02686 |      21.83787 |       0.00038 |       2.68555
     -0.00153 |      -0.02678 |      21.50299 |       0.00075 |       2.67807
      0.00114 |      -0.02703 |      20.90575 |       0.00056 |       2.70278
Evaluating losses...
     -0.00022 |      -0.02680 |      21.19070 |       0.00027 |       2.67995
------------------------------------
| EpisodesSoFar   | 128            |
| EpLenMean       | 67.9           |
| EpRewMean       | 13.8           |
| EpThisIter      | 3              |
| ev_tdlam_before | 0.221          |
| loss_ent        | 2.679947       |
| loss_kl         | 0.00027099904  |
| loss_pol_entpen | -0.026799466   |
| loss_pol_surr   | -0.00021728966 |
| loss_vf_loss    | 21.190702      |
| TimeElapsed     | 1.19e+03       |
| TimestepsSoFar  | 9151           |
------------------------------------
********** Iteration 36 ************
Optimizing...
     pol_surr |    pol_entpen |       vf_loss |            kl |           ent
      0.00031 |      -0.02788 |      15.91360 |       0.00011 |       2.78779
     -0.00017 |      -0.02791 |      15.68103 |       0.00048 |       2.79121
     -0.00112 |      -0.02783 |      15.07603 |       0.00073 |       2.78345
     -0.00223 |      -0.02789 |      15.02128 |       0.00045 |       2.78941
Evaluating losses...
     -0.00264 |      -0.02797 |      14.70557 |       0.00033 |       2.79695
-----------------------------------
| EpisodesSoFar   | 132           |
| EpLenMean       | 69.1          |
| EpRewMean       | 14.4          |
| EpThisIter      | 4             |
| ev_tdlam_before | 0.376         |
| loss_ent        | 2.7969475     |
| loss_kl         | 0.00033424608 |
| loss_pol_entpen | -0.027969478  |
| loss_pol_surr   | -0.002641792  |
| loss_vf_loss    | 14.705569     |
| TimeElapsed     | 1.22e+03      |
| TimestepsSoFar  | 9470          |
-----------------------------------
********** Iteration 37 ************
Optimizing...
     pol_surr |    pol_entpen |       vf_loss |            kl |           ent
      0.00147 |      -0.02578 |      19.72163 |       0.00015 |       2.57785
      0.00201 |      -0.02573 |      19.23268 |       0.00043 |       2.57325
      0.00659 |      -0.02517 |      18.23600 |       0.00200 |       2.51665
      0.00373 |      -0.02558 |      18.17319 |       0.00140 |       2.55820
Evaluating losses...
      0.00618 |      -0.02615 |      17.50934 |       0.00132 |       2.61527
----------------------------------
| EpisodesSoFar   | 136          |
| EpLenMean       | 68.5         |
| EpRewMean       | 14.6         |
| EpThisIter      | 4            |
| ev_tdlam_before | 0.313        |
| loss_ent        | 2.6152725    |
| loss_kl         | 0.0013213786 |
| loss_pol_entpen | -0.026152724 |
| loss_pol_surr   | 0.006180426  |
| loss_vf_loss    | 17.509342    |
| TimeElapsed     | 1.25e+03     |
| TimestepsSoFar  | 9673         |
----------------------------------
********** Iteration 38 ************
Optimizing...
     pol_surr |    pol_entpen |       vf_loss |            kl |           ent
      0.00310 |      -0.03052 |      26.29580 |       0.00019 |       3.05235
     -0.00142 |      -0.03030 |      25.69878 |       0.00013 |       3.02977
      0.00039 |      -0.03032 |      25.15416 |       0.00040 |       3.03182
     -0.00189 |      -0.03042 |      24.22869 |       0.00022 |       3.04154
Evaluating losses...
     -0.00152 |      -0.03023 |      24.03891 |       0.00026 |       3.02269
-----------------------------------
| EpisodesSoFar   | 139           |
| EpLenMean       | 69.6          |
| EpRewMean       | 15.3          |
| EpThisIter      | 3             |
| ev_tdlam_before | 0.108         |
| loss_ent        | 3.0226896     |
| loss_kl         | 0.00025688508 |
| loss_pol_entpen | -0.030226894  |
| loss_pol_surr   | -0.0015208367 |
| loss_vf_loss    | 24.038914     |
| TimeElapsed     | 1.28e+03      |
| TimestepsSoFar  | 9984          |
-----------------------------------
********** Iteration 39 ************
Optimizing...
     pol_surr |    pol_entpen |       vf_loss |            kl |           ent
     -0.00026 |      -0.02927 |       8.68720 |      6.75e-05 |       2.92671
     -0.00029 |      -0.02913 |       8.52893 |       0.00039 |       2.91312
     -0.00109 |      -0.02940 |       8.42501 |       0.00034 |       2.93971
      0.00100 |      -0.02961 |       8.16367 |       0.00064 |       2.96052
Evaluating losses...
     -0.00122 |      -0.02945 |       7.93949 |       0.00046 |       2.94541
-----------------------------------
| EpisodesSoFar   | 141           |
| EpLenMean       | 71.2          |
| EpRewMean       | 15.9          |
| EpThisIter      | 2             |
| ev_tdlam_before | 0.682         |
| loss_ent        | 2.945407      |
| loss_kl         | 0.00045908452 |
| loss_pol_entpen | -0.029454067  |
| loss_pol_surr   | -0.0012219995 |
| loss_vf_loss    | 7.939492      |
| TimeElapsed     | 1.32e+03      |
| TimestepsSoFar  | 10209         |
-----------------------------------
********** Iteration 40 ************
Optimizing...
     pol_surr |    pol_entpen |       vf_loss |            kl |           ent
      0.00011 |      -0.03196 |       9.25749 |      3.58e-05 |       3.19613
      0.00075 |      -0.03204 |       7.38067 |       0.00018 |       3.20378
      0.00153 |      -0.03211 |       7.99414 |       0.00026 |       3.21135
      0.00057 |      -0.03200 |       7.80824 |       0.00014 |       3.20050
Evaluating losses...
      0.00091 |      -0.03194 |       7.30974 |       0.00018 |       3.19352
-----------------------------------
| EpisodesSoFar   | 145           |
| EpLenMean       | 70.4          |
| EpRewMean       | 15.9          |
| EpThisIter      | 4             |
| ev_tdlam_before | 0.671         |
| loss_ent        | 3.1935222     |
| loss_kl         | 0.00018056948 |
| loss_pol_entpen | -0.031935222  |
| loss_pol_surr   | 0.0009083804  |
| loss_vf_loss    | 7.3097363     |
| TimeElapsed     | 1.35e+03      |
| TimestepsSoFar  | 10494         |
-----------------------------------
********** Iteration 41 ************
Optimizing...
     pol_surr |    pol_entpen |       vf_loss |            kl |           ent
     -0.00013 |      -0.02960 |      15.73377 |      2.95e-05 |       2.96029
      0.00103 |      -0.02964 |      15.17446 |       0.00016 |       2.96402
      0.00086 |      -0.02968 |      15.29130 |       0.00017 |       2.96816
     -0.00073 |      -0.02968 |      15.11814 |      8.39e-05 |       2.96830
Evaluating losses...
     -0.00057 |      -0.02967 |      14.81166 |      7.22e-05 |       2.96711
-----------------------------------
| EpisodesSoFar   | 148           |
| EpLenMean       | 69.6          |
| EpRewMean       | 16            |
| EpThisIter      | 3             |
| ev_tdlam_before | 0.134         |
| loss_ent        | 2.9671106     |
| loss_kl         | 7.2168885e-05 |
| loss_pol_entpen | -0.029671106  |
| loss_pol_surr   | -0.0005730707 |
| loss_vf_loss    | 14.811655     |
| TimeElapsed     | 1.38e+03      |
| TimestepsSoFar  | 10717         |
-----------------------------------
********** Iteration 42 ************
Optimizing...
     pol_surr |    pol_entpen |       vf_loss |            kl |           ent
     -0.00015 |      -0.02764 |      18.18978 |      8.97e-06 |       2.76429
      0.00069 |      -0.02763 |      18.09521 |      4.02e-05 |       2.76314
      0.00045 |      -0.02760 |      18.01579 |      3.82e-05 |       2.76039
      0.00050 |      -0.02764 |      17.94044 |      1.13e-05 |       2.76421
Evaluating losses...
      0.00041 |      -0.02768 |      17.88987 |      9.48e-06 |       2.76833
-----------------------------------
| EpisodesSoFar   | 152           |
| EpLenMean       | 69.3          |
| EpRewMean       | 16.3          |
| EpThisIter      | 4             |
| ev_tdlam_before | 0.207         |
| loss_ent        | 2.7683258     |
| loss_kl         | 9.476207e-06  |
| loss_pol_entpen | -0.027683258  |
| loss_pol_surr   | 0.00041423645 |
| loss_vf_loss    | 17.889866     |
| TimeElapsed     | 1.42e+03      |
| TimestepsSoFar  | 10985         |
-----------------------------------
********** Iteration 43 ************
Optimizing...
     pol_surr |    pol_entpen |       vf_loss |            kl |           ent
    -3.02e-07 |      -0.02717 |      20.75793 |      5.01e-09 |       2.71667
     3.20e-05 |      -0.02717 |      20.72552 |      1.10e-07 |       2.71664
     8.29e-05 |      -0.02717 |      20.67095 |      3.19e-07 |       2.71665
      0.00010 |      -0.02717 |      20.61018 |      4.59e-07 |       2.71670
Evaluating losses...
      0.00011 |      -0.02717 |      20.54787 |      5.32e-07 |       2.71663
-----------------------------------
| EpisodesSoFar   | 155           |
| EpLenMean       | 69.2          |
| EpRewMean       | 16.5          |
| EpThisIter      | 3             |
| ev_tdlam_before | 0.243         |
| loss_ent        | 2.7166324     |
| loss_kl         | 5.3225085e-07 |
| loss_pol_entpen | -0.027166322  |
| loss_pol_surr   | 0.00010754913 |
| loss_vf_loss    | 20.547867     |
| TimeElapsed     | 1.45e+03      |
| TimestepsSoFar  | 11175         |
-----------------------------------
Exception in thread Thread-5:
Traceback (most recent call last):
  File "/usr/lib/python2.7/threading.py", line 801, in __bootstrap_inner
    self.run()
  File "/opt/ros/kinetic/lib/python2.7/dist-packages/rospy/timer.py", line 235, in run
    self._callback(TimerEvent(last_expected, last_real, current_expected, current_real, last_duration))
  File "/home/uwsim/uwsim_ws/install_isolated/lib/underwater_vehicle_dynamics/dynamics.py", line 258, in pubV
    self.pub_v.publish(twist)
  File "/opt/ros/kinetic/lib/python2.7/dist-packages/rospy/topics.py", line 882, in publish
    self.impl.publish(data)
  File "/opt/ros/kinetic/lib/python2.7/dist-packages/rospy/topics.py", line 1041, in publish
    raise ROSException("publish() to a closed topic")
ROSException: publish() to a closed topic

[WARN] [1548047375.318884]: Inbound TCP/IP connection failed: connection from sender terminated before handshake header received. 0 bytes were received. Please check sender for additional details.
terminate called after throwing an instance of 'pluginlib::LibraryUnloadException'
  what():  According to the loaded plugin descriptions the class ForceSensor_Factory with base class type uwsim::SimulatedDeviceFactory does not exist. Declared types are  DredgeTool_Factory ForceSensor_Factory SimDev_Echo_Factory
[33m[ WARN] [1548045914.798947854]: The root link base_link has an inertia specified in the URDF, but KDL does not support a root link with an inertia.  As a workaround, you can add an extra dummy link to your URDF.[0m
[0m[ INFO] [1548045914.799026561]: Loaded tree, 0 segments, 0 joints[0m
[33m[ WARN] [1548045914.800403030]: The root link base_link has an inertia specified in the URDF, but KDL does not support a root link with an inertia.  As a workaround, you can add an extra dummy link to your URDF.[0m
[0m[ INFO] [1548045914.800424973]: Loaded tree, 0 segments, 0 joints[0m
[33m[ WARN] [1548045914.802560217]: DVLSensorToROS is not able to find vehicle1_DVLSensor sensor.[0m
[33m[ WARN] [1548045914.802791487]: The root link base_link has an inertia specified in the URDF, but KDL does not support a root link with an inertia.  As a workaround, you can add an extra dummy link to your URDF.[0m
[0m[ INFO] [1548045914.802810591]: Loaded tree, 0 segments, 0 joints[0m
[33m[ WARN] [1548045914.802937697]: The root link base_link has an inertia specified in the URDF, but KDL does not support a root link with an inertia.  As a workaround, you can add an extra dummy link to your URDF.[0m
[0m[ INFO] [1548045914.802954437]: Loaded tree, 0 segments, 0 joints[0m
[0m[ INFO] [1548045914.803842062]: Created spawnMarker service on SpawnMarker.[0m
[0m[ INFO] [1548045914.812923658]: Created interactive marke service on uwsim_marker.[0m
[0m[ INFO] [1548045916.798483148]: PATToROSOdom publisher on topic /vehicle1/data[0m
[0m[ INFO] [1548045916.798640989]: ROSOdomToPAT subscriber on topic /vehicle1/dataNavigator[0m
[0m[ INFO] [1548045916.800632204]: VirtualCameraToROSImage publisher on topic /vehicle1/camera1_info[0m
[0m[ INFO] [1548045916.801590484]: ROSTwistToPAT subscriber on topic /vehicle1/velocityCommand[0m
[0m[ INFO] [1548045916.801765293]: RangeSensorToROSRange publisher on topic /vehicle1/range[0m
[0m[ INFO] [1548045916.801811888]: ROSPoseToPAT subscriber on topic /vehicle1/pose[0m
[0m[ INFO] [1548045916.801904126]: Imu publisher on topic /vehicle1/imu[0m
[0m[ INFO] [1548045916.801963634]: PressureSensor publisher on topic /vehicle1/pressure[0m
[0m[ INFO] [1548045916.802019389]: GPSSensor publisher on topic /vehicle1/gps[0m
[0m[ INFO] [1548045916.802066900]: VirtualCameraToROSImage publisher on topic /vehicle1/rangecamera_info[0m
[0m[ INFO] [1548045916.802440780]:  MultibeamSensorToROS publisher on topic /vehicle1/multibeam[0m
[0m[ INFO] [1548045916.802502736]: SimDev_Echo_ROSPublisher on topic /vehicle1/echo2[0m
[0m[ INFO] [1548045916.802619510]: SimDev_Echo_ROSPublisher on topic /vehicle1/echo1[0m
[0m[ INFO] [1548045916.802680773]: ROSOdomToPAT subscriber on topic /vehicle2/dataNavigator[0m
[0m[ INFO] [1548045916.802711898]: ForceSensor_ROSPublisher on topic /vehicle1/ForceSensor[0m
[0m[ INFO] [1548045918.223784588]: contactSensorToROS publisher on topic /vehicle1/contactSensor[0m
/home/uwsim/uwsim_ws/install_isolated/lib/uwsim/uwsim: 行 23: 10781 已放弃               (核心已转储) rosrun uwsim uwsim_binary --dataPath ~/.uwsim/data $@
[uwsim1-2] killing on exit
[dynamics_vehicle1-1] killing on exit
